# Logfile created on 2015-06-11 12:22:01 +0530 by logger.rb/44203
I, [2015-06-11T12:22:01.418134 #2604]  INFO -- : other booking#<Booking::ActiveRecord_Relation:0x00000008ff04d0>
I, [2015-06-11T12:22:01.420135 #2604]  INFO -- : 32 times 2015-06-11 10:00:00 UTC - 2015-06-11 12:00:00 UTC ,  2015-06-11 10:00:00 UTC 2015-06-11 12:00:00 UTC  
I, [2015-06-11T12:22:01.420135 #2604]  INFO -- : 32 start_time.to_i=1434016800 1434024000 1434016800 1434024000  
I, [2015-06-11T12:22:01.462137 #2604]  INFO -- : overlap tru 3 with 3
I, [2015-06-11T12:22:01.462137 #2604]  INFO -- : destroy tru
I, [2015-06-11T12:22:01.629146 #2604]  INFO -- : 33 times 2015-06-11 10:00:00 UTC - 2015-06-11 12:00:00 UTC ,  2015-06-11 10:00:00 UTC 2015-06-11 12:00:00 UTC  
I, [2015-06-11T12:22:01.629146 #2604]  INFO -- : 33 start_time.to_i=1434016800 1434024000 1434016800 1434024000  
I, [2015-06-11T12:22:01.632147 #2604]  INFO -- : overlap tru 3 with 3
I, [2015-06-11T12:22:01.632147 #2604]  INFO -- : destroy tru
I, [2015-06-11T12:22:30.055772 #2604]  INFO -- : other booking#<Booking::ActiveRecord_Relation:0x0000000934be68>
I, [2015-06-11T12:22:30.060773 #2604]  INFO -- : 34 times 2015-06-11 10:00:00 UTC - 2015-06-11 12:00:00 UTC ,  2015-06-11 10:00:00 UTC 2015-06-11 12:00:00 UTC  
I, [2015-06-11T12:22:30.061773 #2604]  INFO -- : 34 start_time.to_i=1434016800 1434024000 1434016800 1434024000  
I, [2015-06-11T12:22:30.063773 #2604]  INFO -- : overlap tru 3 with 3
I, [2015-06-11T12:22:30.064773 #2604]  INFO -- : destroy tru
I, [2015-06-11T12:22:47.244756 #2604]  INFO -- : other booking#<Booking::ActiveRecord_Relation:0x0000000926b458>
I, [2015-06-11T12:22:47.248756 #2604]  INFO -- : 35 times 2015-06-11 10:00:00 UTC - 2015-06-11 12:00:00 UTC ,  2015-06-11 10:00:00 UTC 2015-06-11 13:00:00 UTC  
I, [2015-06-11T12:22:47.249756 #2604]  INFO -- : 35 start_time.to_i=1434016800 1434024000 1434016800 1434027600  
I, [2015-06-11T12:22:47.254756 #2604]  INFO -- : overlap tru 3 with 3
I, [2015-06-11T12:22:47.255756 #2604]  INFO -- : destroy tru
I, [2015-06-11T12:34:23.062554 #2604]  INFO -- : other booking#<Booking::ActiveRecord_Relation:0x00000008743238>
I, [2015-06-11T12:34:23.064554 #2604]  INFO -- : 36 times 2015-06-11 10:00:00 UTC - 2015-06-11 13:00:00 UTC ,  2015-06-11 10:00:00 UTC 2015-06-11 13:00:00 UTC  
I, [2015-06-11T12:34:23.064554 #2604]  INFO -- : 36 start_time.to_i=1434016800 1434027600 1434016800 1434027600  
I, [2015-06-11T12:34:23.067554 #2604]  INFO -- : overlap tru 3 with 3
I, [2015-06-11T12:34:23.067554 #2604]  INFO -- : destroy tru
I, [2015-06-11T12:34:55.484408 #2604]  INFO -- : other booking#<Booking::ActiveRecord_Relation:0x0000000cdcfdc8>
I, [2015-06-11T12:34:55.491409 #2604]  INFO -- : 37 times 2015-06-11 10:00:00 UTC - 2015-06-11 13:00:00 UTC ,  2015-06-11 01:00:00 UTC 2015-06-11 02:00:00 UTC  
I, [2015-06-11T12:34:55.491409 #2604]  INFO -- : 37 start_time.to_i=1434016800 1434027600 1433984400 1433988000  
I, [2015-06-11T12:35:38.758884 #2604]  INFO -- : other booking#<Booking::ActiveRecord_Relation:0x0000000c5d5ff0>
I, [2015-06-11T12:35:38.760884 #2604]  INFO -- : 37 times 2015-06-11 10:00:00 UTC - 2015-06-11 13:00:00 UTC ,  2015-06-11 01:00:00 UTC 2015-06-11 02:00:00 UTC  
I, [2015-06-11T12:35:38.760884 #2604]  INFO -- : 37 start_time.to_i=1434016800 1434027600 1433984400 1433988000  
I, [2015-06-11T12:35:38.760884 #2604]  INFO -- : 38 times 2015-06-11 01:00:00 UTC - 2015-06-11 02:00:00 UTC ,  2015-06-11 01:00:00 UTC 2015-06-11 02:00:00 UTC  
I, [2015-06-11T12:35:38.760884 #2604]  INFO -- : 38 start_time.to_i=1433984400 1433988000 1433984400 1433988000  
I, [2015-06-11T12:35:38.762884 #2604]  INFO -- : overlap tru 3 with 3
I, [2015-06-11T12:35:38.762884 #2604]  INFO -- : destroy tru
I, [2015-06-11T12:37:12.219229 #2604]  INFO -- : other booking#<Booking::ActiveRecord_Relation:0x0000000c7643a8>
I, [2015-06-11T12:37:12.221229 #2604]  INFO -- : 37 times 2015-06-11 10:00:00 UTC - 2015-06-11 13:00:00 UTC ,  2015-06-11 01:00:00 UTC 2015-06-11 02:00:00 UTC  
I, [2015-06-11T12:37:12.221229 #2604]  INFO -- : 37 start_time.to_i=1434016800 1434027600 1433984400 1433988000  
I, [2015-06-11T12:37:12.222229 #2604]  INFO -- : 39 times 2015-06-11 01:00:00 UTC - 2015-06-11 02:00:00 UTC ,  2015-06-11 01:00:00 UTC 2015-06-11 02:00:00 UTC  
I, [2015-06-11T12:37:12.222229 #2604]  INFO -- : 39 start_time.to_i=1433984400 1433988000 1433984400 1433988000  
I, [2015-06-11T12:37:12.228230 #2604]  INFO -- : overlap tru 3 with 3
I, [2015-06-11T12:37:12.228230 #2604]  INFO -- : destroy tru
I, [2015-06-11T12:41:17.464256 #2604]  INFO -- : other booking#<Booking::ActiveRecord_Relation:0x0000000ce860f0>
I, [2015-06-11T12:41:17.466257 #2604]  INFO -- : 37 times 2015-06-11 10:00:00 UTC - 2015-06-11 13:00:00 UTC ,  2015-06-11 01:00:00 UTC 2015-06-11 02:00:00 UTC  
I, [2015-06-11T12:41:17.466257 #2604]  INFO -- : 37 start_time.to_i=1434016800 1434027600 1433984400 1433988000  
I, [2015-06-11T12:41:17.467257 #2604]  INFO -- : 40 times 2015-06-11 01:00:00 UTC - 2015-06-11 02:00:00 UTC ,  2015-06-11 01:00:00 UTC 2015-06-11 02:00:00 UTC  
I, [2015-06-11T12:41:17.467257 #2604]  INFO -- : 40 start_time.to_i=1433984400 1433988000 1433984400 1433988000  
I, [2015-06-11T12:41:17.469257 #2604]  INFO -- : overlap tru 3 with 2
I, [2015-06-11T13:18:33.990178 #2604]  INFO -- : other booking#<Booking::ActiveRecord_Relation:0x0000000caef1f8>
I, [2015-06-11T13:18:33.992179 #2604]  INFO -- : 37 times 2015-06-11 10:00:00 UTC - 2015-06-11 13:00:00 UTC ,  2015-06-11 03:00:00 UTC 2015-06-11 05:30:00 UTC  
I, [2015-06-11T13:18:33.992179 #2604]  INFO -- : 37 start_time.to_i=1434016800 1434027600 1433991600 1434000600  
I, [2015-06-11T13:18:33.993179 #2604]  INFO -- : 40 times 2015-06-11 01:00:00 UTC - 2015-06-11 02:00:00 UTC ,  2015-06-11 03:00:00 UTC 2015-06-11 05:30:00 UTC  
I, [2015-06-11T13:18:33.993179 #2604]  INFO -- : 40 start_time.to_i=1433984400 1433988000 1433991600 1434000600  
I, [2015-06-11T18:38:47.916346 #3844]  INFO -- : other booking#<Booking::ActiveRecord_Relation:0x0000000db23e20>
I, [2015-06-11T18:39:10.583643 #3844]  INFO -- : other booking#<Booking::ActiveRecord_Relation:0x0000000d2f2c38>
I, [2015-06-11T18:39:10.585643 #3844]  INFO -- : 42 times 2015-06-12 01:30:00 UTC - 2015-06-12 02:30:00 UTC ,  2015-06-12 01:30:00 UTC 2015-06-12 04:00:00 UTC  
I, [2015-06-11T18:39:10.586643 #3844]  INFO -- : 42 start_time.to_i=1434072600 1434076200 1434072600 1434081600  
I, [2015-06-11T18:39:10.589643 #3844]  INFO -- : overlap tru 3 with 3
I, [2015-06-11T18:39:10.590643 #3844]  INFO -- : destroy tru
I, [2015-06-11T18:41:08.991415 #3844]  INFO -- : other booking#<Booking::ActiveRecord_Relation:0x0000000d31bbb0>
I, [2015-06-11T18:41:26.739431 #3844]  INFO -- : other booking#<Booking::ActiveRecord_Relation:0x0000000e1a0190>
I, [2015-06-11T18:41:26.741431 #3844]  INFO -- : 44 times 2015-06-12 01:30:00 UTC - 2015-06-12 04:00:00 UTC ,  2015-06-12 01:30:00 UTC 2015-06-12 06:00:00 UTC  
I, [2015-06-11T18:41:26.741431 #3844]  INFO -- : 44 start_time.to_i=1434072600 1434081600 1434072600 1434088800  
I, [2015-06-11T18:41:26.743431 #3844]  INFO -- : overlap tru 3 with 3
I, [2015-06-11T18:41:26.743431 #3844]  INFO -- : destroy tru
I, [2015-06-11T18:42:34.359298 #3844]  INFO -- : other booking#<Booking::ActiveRecord_Relation:0x0000000cf94cd0>
I, [2015-06-11T18:42:34.361298 #3844]  INFO -- : 43 times 2015-06-12 01:30:00 UTC - 2015-06-12 04:00:00 UTC ,  2015-06-12 01:30:00 UTC 2015-06-12 02:00:00 UTC  
I, [2015-06-11T18:42:34.361298 #3844]  INFO -- : 43 start_time.to_i=1434072600 1434081600 1434072600 1434074400  
I, [2015-06-11T18:42:34.363298 #3844]  INFO -- : overlap tru 3 with 2
I, [2015-06-11T18:42:57.996650 #3844]  INFO -- : other booking#<Booking::ActiveRecord_Relation:0x0000000e1ca5d0>
I, [2015-06-11T18:42:57.998650 #3844]  INFO -- : 43 times 2015-06-12 01:30:00 UTC - 2015-06-12 04:00:00 UTC ,  2015-06-12 06:00:00 UTC 2015-06-12 08:00:00 UTC  
I, [2015-06-11T18:42:57.998650 #3844]  INFO -- : 43 start_time.to_i=1434072600 1434081600 1434088800 1434096000  
I, [2015-06-11T19:31:40.299796 #3844]  INFO -- : other booking#<Booking::ActiveRecord_Relation:0x00000008888580>
I, [2015-06-11T19:35:01.549307 #3844]  INFO -- : other booking#<Booking::ActiveRecord_Relation:0x0000000dd240d0>
I, [2015-06-11T19:35:09.666771 #3844]  INFO -- : other booking#<Booking::ActiveRecord_Relation:0x0000000d64c118>
I, [2015-06-11T19:36:20.146803 #3844]  INFO -- : other booking#<Booking::ActiveRecord_Relation:0x00000008502e10>
I, [2015-06-11T19:36:20.151803 #3844]  INFO -- : overlap tru 3 with 3
I, [2015-06-11T19:36:20.152803 #3844]  INFO -- : destroy tru
I, [2015-06-11T21:41:29.867368 #7152]  INFO -- : other booking#<Booking::ActiveRecord_Relation:0x0000000b2e6160>
